Starting new HTTPS connection (1): joev-saml:443
https://joev-saml:443 "GET /saml_login HTTP/1.1" 200 3353
===  ECP Issues HTTP Request to Service Provider ===

Request:
  url = https://joev-saml/saml_login
  method = GET
  Headers:
    Accept: text/html, application/vnd.paos+xml
    Accept-Encoding: gzip, deflate
    Connection: keep-alive
    PAOS: ver="urn:liberty:paos:2003-08";"urn:oasis:names:tc:SAML:2.0:profiles:SSO:ecp"
    User-Agent: python-requests/2.22.0

Response:
  Status = 200
  Headers:
    Cache-Control: private, max-age=0, must-revalidate
    Connection: Keep-Alive
    Content-Length: 3353
    Content-Type: application/vnd.paos+xml
    Date: Wed, 06 Nov 2019 22:08:20 GMT
    Keep-Alive: timeout=5, max=100
    Server: Apache/2.4.6 (CentOS) OpenSSL/1.0.2k-fips mod_auth_gssapi/1.5.1 mod_auth_kerb/5.4
  Content:
    <s:Envelope xmlns:s="http://schemas.xmlsoap.org/soap/envelope/" xmlns:paos="urn:liberty:paos:2003-08" xmlns:ecp="urn:oasis:names:tc:SAML:2.0:profiles:SSO:ecp" xmlns:saml="urn:oasis:names:tc:SAML:2.0:assertion" xmlns:samlp="urn:oasis:names:tc:SAML:2.0:protocol">
      <s:Header>
        <paos:Request responseConsumerURL="https://joev-saml/saml2/paosResponse" service="urn:oasis:names:tc:SAML:2.0:profiles:SSO:ecp" messageID="_AB95881E4521B2321CFCDD490FFB18B1" s:mustUnderstand="true" actor="http://schemas.xmlsoap.org/soap/actor/next"/>
        <ecp:Request s:mustUnderstand="true" actor="http://schemas.xmlsoap.org/soap/actor/next" IsPassive="false">
          <saml:Issuer>https://joev-saml</saml:Issuer>
        </ecp:Request>
        <ecp:RelayState s:mustUnderstand="true" actor="http://schemas.xmlsoap.org/soap/actor/next">https://joev-saml/saml_login</ecp:RelayState>
      </s:Header>
      <s:Body>
        <samlp:AuthnRequest ID="_0EFDE0F90FCB73BB2E401E8EB9639E93" Version="2.0" IssueInstant="2019-11-06T22:08:20Z" Destination="https://joev-saml/saml2/paosResponse" Consent="urn:oasis:names:tc:SAML:2.0:consent:current-implicit" ForceAuthn="false" IsPassive="false" AssertionConsumerServiceURL="https://joev-saml/saml2/paosResponse">
          <saml:Issuer>https://joev-saml</saml:Issuer>
          <Signature xmlns="http://www.w3.org/2000/09/xmldsig#">
    <SignedInfo>
    <CanonicalizationMethod Algorithm="http://www.w3.org/2001/10/xml-exc-c14n#"/>
    <SignatureMethod Algorithm="http://www.w3.org/2001/04/xmldsig-more#rsa-sha256"/>
    <Reference URI="#_0EFDE0F90FCB73BB2E401E8EB9639E93">
    <Transforms>
    <Transform Algorithm="http://www.w3.org/2000/09/xmldsig#enveloped-signature"/>
    <Transform Algorithm="http://www.w3.org/2001/10/xml-exc-c14n#"/>
    </Transforms>
    <DigestMethod Algorithm="http://www.w3.org/2000/09/xmldsig#sha1"/>
    <DigestValue>oktpro2EQ4jOzLHW0R+voMJMGLM=</DigestValue>
    </Reference>
    </SignedInfo>
    <SignatureValue>HaQ1igg51/VRbklXv4XeLu/UmZX8VMN5Hr0FS+KAm6oM3YYF3IAF/SVFbkDZBxbq
    wVr5TwuCnFqN2H6zhB+Dys1qnK6blbVvZU9yX2muP0zhKK4f62L1Lf43ifowaD9I
    xAQriIaBYEtQhfrkKSZMiBtkg0mE9GsO7XH7/8T1H+AfopCrZ5/PAqpXHuX/J9Yf
    hPL3FJW8RvHiIig4JnoXN92ocOYRU4GUVv6EhzEbp0IgxkacrVrsLtAVtoChKy1Q
    N2ZD8RwSJ/Ae+okU1ediRPUydDFR4hhvVd8n+FxPbRIgNiIb/ey+YDZYkkF5TE1L
    pDTohFj/7NjQngyEua0B4A==</SignatureValue>
    <KeyInfo>
    <X509Data>
    <X509Certificate>MIICpDCCAYwCCQCv5kQx9VHeiTANBgkqhkiG9w0BAQsFADAUMRIwEAYDVQQDDAlq
    b2V2LXNhbWwwHhcNMTkwOTA5MTkyMTQwWhcNMjkwOTA4MTkyMTQwWjAUMRIwEAYD
    VQQDDAlqb2V2LXNhbWwwggEiMA0GCSqGSIb3DQEBAQUAA4IBDwAwggEKAoIBAQDJ
    tbhIHwnEzZqniJFkWJz2PHg+qk5tdKMoc0eg/rrr2AlJp+Gu1UaCVZG/gtZOh/Yv
    4RxsZwy0n2iMu/qb2Mr14JC7bJtY+P5C5a++/EQVGHdswqMsDLRYPP/dLUUOhoHv
    u2tNPaetZ5+vv3f4+68dFyRL5fHDLqxTqdQw+xOUNMVLwwCo9e9SmejQwPqWKZGM
    G7rySJ8Cnzy9Vt4POEw5NQrhx58twvVSm6TbLlJS8wH38tRT+eJrPm7XB1Bdk3p2
    SNHk7p5TgdbpXac84xOcFfIzpwfprvqFhs/Q8xhWG8SjXVm4JRJo+v4V+dJqZByZ
    v8TrrgLcE4WBXFZiiHVDAgMBAAEwDQYJKoZIhvcNAQELBQADggEBAJtg7DlBAebZ
    Zhy/gvf+77trYtpWdzoH8A8bPY1x91n3j+M25JDcjXnPlt/c0sIYJ0DeagTl7Col
    ABScc6hW6QqpyaEukqe5SiKJSOXZpJXostofjopQp808rqLYsCxmgdU6WmRpNAah
    M/oK6RfVs12goZOl5wA3jSVkt8C2MmmzTR7AFr+G/ek+Nbh/MF8mbBJscr7smMy2
    eCZw14pQreHn3kFge6ENz47APpu2sK8M2UZ3NSfX7NVJNmXaQjoP9klrQ9GN9X6m
    W4NzhEddEj+wH52mB4BwLJgRTTYoHXkADauS+JHVwOK1naqCRbLLYhDjp7oWjyQW
    oGoDzsIoK3A=</X509Certificate>
    </X509Data>
    </KeyInfo>
    </Signature>
          <samlp:NameIDPolicy Format="urn:oasis:names:tc:SAML:2.0:nameid-format:transient" AllowCreate="true"/>
        </samlp:AuthnRequest>
      </s:Body>
    </s:Envelope>

=== Process PAOS request from SP ===
SP PAOS Request Info:
  response_consumer_url: https://joev-saml/saml2/paosResponse
  message_id: _AB95881E4521B2321CFCDD490FFB18B1
  is_passive: false
  issuer: https://joev-saml
  relaystate: https://joev-saml/saml_login
  authn_request:
    <samlp:AuthnRequest xmlns:samlp="urn:oasis:names:tc:SAML:2.0:protocol" xmlns:s="http://schemas.xmlsoap.org/soap/envelope/" xmlns:paos="urn:liberty:paos:2003-08" xmlns:ecp="urn:oasis:names:tc:SAML:2.0:profiles:SSO:ecp" xmlns:saml="urn:oasis:names:tc:SAML:2.0:assertion" ID="_0EFDE0F90FCB73BB2E401E8EB9639E93" Version="2.0" IssueInstant="2019-11-06T22:08:20Z" Destination="https://joev-saml/saml2/paosResponse" Consent="urn:oasis:names:tc:SAML:2.0:consent:current-implicit" ForceAuthn="false" IsPassive="false" AssertionConsumerServiceURL="https://joev-saml/saml2/paosResponse">
      <saml:Issuer>https://joev-saml</saml:Issuer>
      <Signature xmlns="http://www.w3.org/2000/09/xmldsig#">
    <SignedInfo>
    <CanonicalizationMethod Algorithm="http://www.w3.org/2001/10/xml-exc-c14n#"/>
    <SignatureMethod Algorithm="http://www.w3.org/2001/04/xmldsig-more#rsa-sha256"/>
    <Reference URI="#_0EFDE0F90FCB73BB2E401E8EB9639E93">
    <Transforms>
    <Transform Algorithm="http://www.w3.org/2000/09/xmldsig#enveloped-signature"/>
    <Transform Algorithm="http://www.w3.org/2001/10/xml-exc-c14n#"/>
    </Transforms>
    <DigestMethod Algorithm="http://www.w3.org/2000/09/xmldsig#sha1"/>
    <DigestValue>oktpro2EQ4jOzLHW0R+voMJMGLM=</DigestValue>
    </Reference>
    </SignedInfo>
    <SignatureValue>HaQ1igg51/VRbklXv4XeLu/UmZX8VMN5Hr0FS+KAm6oM3YYF3IAF/SVFbkDZBxbq
    wVr5TwuCnFqN2H6zhB+Dys1qnK6blbVvZU9yX2muP0zhKK4f62L1Lf43ifowaD9I
    xAQriIaBYEtQhfrkKSZMiBtkg0mE9GsO7XH7/8T1H+AfopCrZ5/PAqpXHuX/J9Yf
    hPL3FJW8RvHiIig4JnoXN92ocOYRU4GUVv6EhzEbp0IgxkacrVrsLtAVtoChKy1Q
    N2ZD8RwSJ/Ae+okU1ediRPUydDFR4hhvVd8n+FxPbRIgNiIb/ey+YDZYkkF5TE1L
    pDTohFj/7NjQngyEua0B4A==</SignatureValue>
    <KeyInfo>
    <X509Data>
    <X509Certificate>MIICpDCCAYwCCQCv5kQx9VHeiTANBgkqhkiG9w0BAQsFADAUMRIwEAYDVQQDDAlq
    b2V2LXNhbWwwHhcNMTkwOTA5MTkyMTQwWhcNMjkwOTA4MTkyMTQwWjAUMRIwEAYD
    VQQDDAlqb2V2LXNhbWwwggEiMA0GCSqGSIb3DQEBAQUAA4IBDwAwggEKAoIBAQDJ
    tbhIHwnEzZqniJFkWJz2PHg+qk5tdKMoc0eg/rrr2AlJp+Gu1UaCVZG/gtZOh/Yv
    4RxsZwy0n2iMu/qb2Mr14JC7bJtY+P5C5a++/EQVGHdswqMsDLRYPP/dLUUOhoHv
    u2tNPaetZ5+vv3f4+68dFyRL5fHDLqxTqdQw+xOUNMVLwwCo9e9SmejQwPqWKZGM
    G7rySJ8Cnzy9Vt4POEw5NQrhx58twvVSm6TbLlJS8wH38tRT+eJrPm7XB1Bdk3p2
    SNHk7p5TgdbpXac84xOcFfIzpwfprvqFhs/Q8xhWG8SjXVm4JRJo+v4V+dJqZByZ
    v8TrrgLcE4WBXFZiiHVDAgMBAAEwDQYJKoZIhvcNAQELBQADggEBAJtg7DlBAebZ
    Zhy/gvf+77trYtpWdzoH8A8bPY1x91n3j+M25JDcjXnPlt/c0sIYJ0DeagTl7Col
    ABScc6hW6QqpyaEukqe5SiKJSOXZpJXostofjopQp808rqLYsCxmgdU6WmRpNAah
    M/oK6RfVs12goZOl5wA3jSVkt8C2MmmzTR7AFr+G/ek+Nbh/MF8mbBJscr7smMy2
    eCZw14pQreHn3kFge6ENz47APpu2sK8M2UZ3NSfX7NVJNmXaQjoP9klrQ9GN9X6m
    W4NzhEddEj+wH52mB4BwLJgRTTYoHXkADauS+JHVwOK1naqCRbLLYhDjp7oWjyQW
    oGoDzsIoK3A=</X509Certificate>
    </X509Data>
    </KeyInfo>
    </Signature>
      <samlp:NameIDPolicy Format="urn:oasis:names:tc:SAML:2.0:nameid-format:transient" AllowCreate="true"/>
    </samlp:AuthnRequest>


=== ECP Determines Identity Provider ===
Using IdP endpoint: http://joev-keycloak:8080/auth/realms/miq/protocol/saml

Starting new HTTP connection (1): joev-keycloak:8080
http://joev-keycloak:8080 "POST /auth/realms/miq/protocol/saml HTTP/1.1" 200 11021
=== ECP sends <AuthnRequest> to IdP with authentication ===

Request:
  url = http://joev-keycloak:8080/auth/realms/miq/protocol/saml
  method = POST
  Headers:
    Accept: */*
    Accept-Encoding: gzip, deflate
    Authorization: Basic anZsY2VrOnNtYXJ0dm0=
    Connection: keep-alive
    Content-Length: 2782
    Content-Type: text/xml
    User-Agent: python-requests/2.22.0
  Body:
    <s:Envelope xmlns:s="http://schemas.xmlsoap.org/soap/envelope/" xmlns:paos="urn:liberty:paos:2003-08" xmlns:ecp="urn:oasis:names:tc:SAML:2.0:profiles:SSO:ecp" xmlns:saml="urn:oasis:names:tc:SAML:2.0:assertion" xmlns:samlp="urn:oasis:names:tc:SAML:2.0:protocol"><s:Body><samlp:AuthnRequest ID="_0EFDE0F90FCB73BB2E401E8EB9639E93" Version="2.0" IssueInstant="2019-11-06T22:08:20Z" Destination="https://joev-saml/saml2/paosResponse" Consent="urn:oasis:names:tc:SAML:2.0:consent:current-implicit" ForceAuthn="false" IsPassive="false" AssertionConsumerServiceURL="https://joev-saml/saml2/paosResponse"><saml:Issuer>https://joev-saml</saml:Issuer><Signature xmlns="http://www.w3.org/2000/09/xmldsig#">
<SignedInfo>
<CanonicalizationMethod Algorithm="http://www.w3.org/2001/10/xml-exc-c14n#"/>
<SignatureMethod Algorithm="http://www.w3.org/2001/04/xmldsig-more#rsa-sha256"/>
<Reference URI="#_0EFDE0F90FCB73BB2E401E8EB9639E93">
<Transforms>
<Transform Algorithm="http://www.w3.org/2000/09/xmldsig#enveloped-signature"/>
<Transform Algorithm="http://www.w3.org/2001/10/xml-exc-c14n#"/>
</Transforms>
<DigestMethod Algorithm="http://www.w3.org/2000/09/xmldsig#sha1"/>
<DigestValue>oktpro2EQ4jOzLHW0R+voMJMGLM=</DigestValue>
</Reference>
</SignedInfo>
<SignatureValue>HaQ1igg51/VRbklXv4XeLu/UmZX8VMN5Hr0FS+KAm6oM3YYF3IAF/SVFbkDZBxbq
wVr5TwuCnFqN2H6zhB+Dys1qnK6blbVvZU9yX2muP0zhKK4f62L1Lf43ifowaD9I
xAQriIaBYEtQhfrkKSZMiBtkg0mE9GsO7XH7/8T1H+AfopCrZ5/PAqpXHuX/J9Yf
hPL3FJW8RvHiIig4JnoXN92ocOYRU4GUVv6EhzEbp0IgxkacrVrsLtAVtoChKy1Q
N2ZD8RwSJ/Ae+okU1ediRPUydDFR4hhvVd8n+FxPbRIgNiIb/ey+YDZYkkF5TE1L
pDTohFj/7NjQngyEua0B4A==</SignatureValue>
<KeyInfo>
<X509Data>
<X509Certificate>MIICpDCCAYwCCQCv5kQx9VHeiTANBgkqhkiG9w0BAQsFADAUMRIwEAYDVQQDDAlq
b2V2LXNhbWwwHhcNMTkwOTA5MTkyMTQwWhcNMjkwOTA4MTkyMTQwWjAUMRIwEAYD
VQQDDAlqb2V2LXNhbWwwggEiMA0GCSqGSIb3DQEBAQUAA4IBDwAwggEKAoIBAQDJ
tbhIHwnEzZqniJFkWJz2PHg+qk5tdKMoc0eg/rrr2AlJp+Gu1UaCVZG/gtZOh/Yv
4RxsZwy0n2iMu/qb2Mr14JC7bJtY+P5C5a++/EQVGHdswqMsDLRYPP/dLUUOhoHv
u2tNPaetZ5+vv3f4+68dFyRL5fHDLqxTqdQw+xOUNMVLwwCo9e9SmejQwPqWKZGM
G7rySJ8Cnzy9Vt4POEw5NQrhx58twvVSm6TbLlJS8wH38tRT+eJrPm7XB1Bdk3p2
SNHk7p5TgdbpXac84xOcFfIzpwfprvqFhs/Q8xhWG8SjXVm4JRJo+v4V+dJqZByZ
v8TrrgLcE4WBXFZiiHVDAgMBAAEwDQYJKoZIhvcNAQELBQADggEBAJtg7DlBAebZ
Zhy/gvf+77trYtpWdzoH8A8bPY1x91n3j+M25JDcjXnPlt/c0sIYJ0DeagTl7Col
ABScc6hW6QqpyaEukqe5SiKJSOXZpJXostofjopQp808rqLYsCxmgdU6WmRpNAah
M/oK6RfVs12goZOl5wA3jSVkt8C2MmmzTR7AFr+G/ek+Nbh/MF8mbBJscr7smMy2
eCZw14pQreHn3kFge6ENz47APpu2sK8M2UZ3NSfX7NVJNmXaQjoP9klrQ9GN9X6m
W4NzhEddEj+wH52mB4BwLJgRTTYoHXkADauS+JHVwOK1naqCRbLLYhDjp7oWjyQW
oGoDzsIoK3A=</X509Certificate>
</X509Data>
</KeyInfo>
</Signature><samlp:NameIDPolicy Format="urn:oasis:names:tc:SAML:2.0:nameid-format:transient" AllowCreate="true"/></samlp:AuthnRequest></s:Body></s:Envelope>
Response:
  Status = 200
  Headers:
    Connection: keep-alive
    Content-Length: 11021
    Content-Type: application/octet-stream
    Date: Wed, 06 Nov 2019 22:08:20 GMT
    P3P: CP="This is not a P3P policy!"
    Server: WildFly/10
    Set-Cookie: AUTH_SESSION_ID=72148a14-c57c-49f2-8928-b8563e344a2d.joev-keycloak; Version=1; Path=/auth/realms/miq; HttpOnly, KC_RESTART=; Version=1; Expires=Thu, 01-Jan-1970 00:00:10 GMT; Max-Age=0; Path=/auth/realms/miq; HttpOnly, KC_RESTART=; Version=1; Expires=Thu, 01-Jan-1970 00:00:10 GMT; Max-Age=0; Path=/auth/realms/miq; HttpOnly, KEYCLOAK_IDENTITY=eyJhbGciOiJIUzI1NiIsImtpZCIgOiAiZGEzMjg1OTQtZWU2Zi00ZmJjLWE0MzktOGIxNzJkMWY4ZmUwIn0.eyJqdGkiOiIxYzg5ODExNy1kOWZlLTQ2YTQtODE1Yi1kNzU4MTUyNjdmMjEiLCJleHAiOjE1NzMxMTQxMDAsIm5iZiI6MCwiaWF0IjoxNTczMDc4MTAwLCJpc3MiOiJodHRwOi8vam9ldi1rZXljbG9hazo4MDgwL2F1dGgvcmVhbG1zL21pcSIsInN1YiI6ImMzZGZiODg2LWNlZmUtNGM4OS04YjQ0LWI0MjExYTg5OTk5NCIsImF1dGhfdGltZSI6MCwic2Vzc2lvbl9zdGF0ZSI6IjcyMTQ4YTE0LWM1N2MtNDlmMi04OTI4LWI4NTYzZTM0NGEyZCIsInJlc291cmNlX2FjY2VzcyI6e319.8SmO0aYGLNszahMOP5dZzzXts4LS88qf5WSjy3QnwH4; Version=1; Path=/auth/realms/miq; HttpOnly, KEYCLOAK_SESSION=miq/c3dfb886-cefe-4c89-8b44-b4211a899994/72148a14-c57c-49f2-8928-b8563e344a2d; Version=1; Expires=Thu, 07-Nov-2019 08:08:20 GMT; Max-Age=36000; Path=/auth/realms/miq, KEYCLOAK_REMEMBER_ME=; Version=1; Comment=Expiring cookie; Expires=Thu, 01-Jan-1970 00:00:10 GMT; Max-Age=0; Path=/auth/realms/miq; HttpOnly
    X-Powered-By: Undertow/1
  Content:
<SOAP-ENV:Envelope xmlns:SOAP-ENV="http://schemas.xmlsoap.org/soap/envelope/" xmlns:ecp="urn:oasis:names:tc:SAML:2.0:profiles:SSO:ecp" xmlns:saml="urn:oasis:names:tc:SAML:2.0:assertion" xmlns:samlp="urn:oasis:names:tc:SAML:2.0:protocol"><SOAP-ENV:Header><ecp:Response AssertionConsumerServiceURL="https://joev-saml/saml2/paosResponse" SOAP-ENV:actor="http://schemas.xmlsoap.org/soap/actor/next" SOAP-ENV:mustUnderstand="1"/></SOAP-ENV:Header><SOAP-ENV:Body><samlp:Response Destination="https://joev-saml/saml2/paosResponse" ID="ID_6c2990a3-3f01-44a5-b0d0-450de2399fe0" InResponseTo="_0EFDE0F90FCB73BB2E401E8EB9639E93" IssueInstant="2019-11-06T22:08:20.761Z" Version="2.0"><saml:Issuer>http://joev-keycloak:8080/auth/realms/miq</saml:Issuer><dsig:Signature xmlns:dsig="http://www.w3.org/2000/09/xmldsig#"><dsig:SignedInfo><dsig:CanonicalizationMethod Algorithm="http://www.w3.org/2001/10/xml-exc-c14n#"/><dsig:SignatureMethod Algorithm="http://www.w3.org/2001/04/xmldsig-more#rsa-sha256"/><dsig:Reference URI="#ID_6c2990a3-3f01-44a5-b0d0-450de2399fe0"><dsig:Transforms><dsig:Transform Algorithm="http://www.w3.org/2000/09/xmldsig#enveloped-signature"/><dsig:Transform Algorithm="http://www.w3.org/2001/10/xml-exc-c14n#"/></dsig:Transforms><dsig:DigestMethod Algorithm="http://www.w3.org/2001/04/xmlenc#sha256"/><dsig:DigestValue>WsRWp2V5ThJp2gcNfsj7UaNP2GLAAO3jkLHFdK708kw=</dsig:DigestValue></dsig:Reference></dsig:SignedInfo><dsig:SignatureValue>CWOQFWzplcH20+NsUeEtUdzeU/BxpSxpjwrFJUMIQNt8/tYHev8gnNyhAHCcjroqpYipNFXe/sDbn2hela98Ac0X6FW/eg1dOcDi9JTiNu9zw91/iAJ+FfjI0YBOQN2sHaemmbdbNR8jPMg274bv9u4oUGMXw0VLiKq4UYqg8d/T9h6CgL1cZGejUntsahIm0IGJCTUSiJHUwpw8wKmTa6KaFSzIKVavk0v2AENVEUSedghRB0TS2IEtSbtn2MW/sSidxvnEMThxx/U/Ba1ETZalapbOgOJThk5hZCDRsc20zvIWSPXueEpAZX9DHMcOcXjTOzNNseC5h6ALOhd8hw==</dsig:SignatureValue><dsig:KeyInfo><dsig:KeyName>xTUA0FKGUWjpoUEFlzniPgVnSAQ7I9iczj4Kdmob6G8</dsig:KeyName><dsig:X509Data><dsig:X509Certificate>MIIClTCCAX0CBgFemrhD7jANBgkqhkiG9w0BAQsFADAOMQwwCgYDVQQDDANtaXEwHhcNMTcwOTE5MTUxNzAwWhcNMjcwOTE5MTUxODQwWjAOMQwwCgYDVQQDDANtaXEwggEiMA0GCSqGSIb3DQEBAQUAA4IBDwAwggEKAoIBAQChKwPvOMjLQAC79/lBwrFN+mlxGq5f8Oz0q5UuQ+EXaMO3YnPN11h1u1Jjc5+nbpjF8HGRaiWGXWuXTpG9wobJ7oG5j2cqgEoH2mJdKZLAfyRVjPBvevsdzOuCr2DgnpF+Mrt6dNYDJ9QK4I+nJ2KFQ75QPTM7l6eNNbz3b5q85drRVGBniriMKKDCvdQrJEYeEp8kjuyHYnLW3ZDbs8iU3SGpUCkAodw4KvWj6ND/GA9bEKjLei9hN62I6JcyyFnXMe4wre/+QyW1JqxxhYYWXV1ymfz+PR0mw/igb/v40YHZ9MNPyEvGXbQaY9NFvxYpURRHDM7+qXQSLncE0YyTAgMBAAEwDQYJKoZIhvcNAQELBQADggEBAGZ3pcb2RL1R2mKsgyN/6MDUS79mHf/S8pZ7IGp11zkj6qpJYsSclhj16T3v5EU5pvSFcuAUDdFqDYAbDDnFTPr8aRWHppmK4LffQmOqV8rmbQDrNz7aNtmVyvA1ENtH4j1kRZNu4b6q4XmgRbgSyNi/f/WWFTGc5FTY5t3MwN6cRcyrpoabQImpAzHtweWqlDKOgKofxb1bMwvmG95B1AR+pxiwnK0KmMOdFU0QesFUvh76vOBfeQ3HvH9yutWxjkIPUvG3nLzGSEdvHozlqXVnHXQHH5parEia47aYu93xiSIHpWFNMqn+LYs+i4+ufddG9qYQFha8eJBbzrfpcjE=</dsig:X509Certificate></dsig:X509Data><dsig:KeyValue><dsig:RSAKeyValue><dsig:Modulus>oSsD7zjIy0AAu/f5QcKxTfppcRquX/Ds9KuVLkPhF2jDt2JzzddYdbtSY3Ofp26YxfBxkWolhl1rl06RvcKGye6BuY9nKoBKB9piXSmSwH8kVYzwb3r7Hczrgq9g4J6RfjK7enTWAyfUCuCPpydihUO+UD0zO5enjTW892+avOXa0VRgZ4q4jCigwr3UKyRGHhKfJI7sh2Jy1t2Q27PIlN0hqVApAKHcOCr1o+jQ/xgPWxCoy3ovYTetiOiXMshZ1zHuMK3v/kMltSascYWGFl1dcpn8/j0dJsP4oG/7+NGB2fTDT8hLxl20GmPTRb8WKVEURwzO/ql0Ei53BNGMkw==</dsig:Modulus><dsig:Exponent>AQAB</dsig:Exponent></dsig:RSAKeyValue></dsig:KeyValue></dsig:KeyInfo></dsig:Signature><samlp:Status><samlp:StatusCode Value="urn:oasis:names:tc:SAML:2.0:status:Success"/></samlp:Status><saml:Assertion xmlns="urn:oasis:names:tc:SAML:2.0:assertion" ID="ID_fbb90dc9-aee3-42df-a489-28b85257f419" IssueInstant="2019-11-06T22:08:20.761Z" Version="2.0"><saml:Issuer>http://joev-keycloak:8080/auth/realms/miq</saml:Issuer><dsig:Signature xmlns:dsig="http://www.w3.org/2000/09/xmldsig#"><dsig:SignedInfo><dsig:CanonicalizationMethod Algorithm="http://www.w3.org/2001/10/xml-exc-c14n#"/><dsig:SignatureMethod Algorithm="http://www.w3.org/2001/04/xmldsig-more#rsa-sha256"/><dsig:Reference URI="#ID_fbb90dc9-aee3-42df-a489-28b85257f419"><dsig:Transforms><dsig:Transform Algorithm="http://www.w3.org/2000/09/xmldsig#enveloped-signature"/><dsig:Transform Algorithm="http://www.w3.org/2001/10/xml-exc-c14n#"/></dsig:Transforms><dsig:DigestMethod Algorithm="http://www.w3.org/2001/04/xmlenc#sha256"/><dsig:DigestValue>i2mE1Zna+wj58gJ9x/0a+7IZvT7WAnJyCwWi0lPO5AA=</dsig:DigestValue></dsig:Reference></dsig:SignedInfo><dsig:SignatureValue>MXoFtF78YQ2EBWjCdbGt1fc3f0G3JfWv0HV07IR5SvzIJdMLUNIxAKfPkRPNUL3/KS5pIVkbpVvD0eS1oChAhw97gmG/KMR36fA3ORkdHs9PJW1pnM14MooI3MRFISe+w4qFqQbMj1fr82g1GLe0xm2GfoLRvHog5JXSn6IKF/PxFZI1tdkELuNPTc49+etmYPHFOEV4tXkEwm+ohgfnmHMydw3PCUSmPCfYHDpP+ufvNoyyJArOXLCRmF+YHzEwzfMm4xv9vXe5qIMIMlYexIPYUMzvYW49NFsUNgjEa78BnSckMUdJut7S3yS9/v5N3kZb7V7DfAMmYmwZ/JLYcw==</dsig:SignatureValue><dsig:KeyInfo><dsig:KeyName>xTUA0FKGUWjpoUEFlzniPgVnSAQ7I9iczj4Kdmob6G8</dsig:KeyName><dsig:X509Data><dsig:X509Certificate>MIIClTCCAX0CBgFemrhD7jANBgkqhkiG9w0BAQsFADAOMQwwCgYDVQQDDANtaXEwHhcNMTcwOTE5MTUxNzAwWhcNMjcwOTE5MTUxODQwWjAOMQwwCgYDVQQDDANtaXEwggEiMA0GCSqGSIb3DQEBAQUAA4IBDwAwggEKAoIBAQChKwPvOMjLQAC79/lBwrFN+mlxGq5f8Oz0q5UuQ+EXaMO3YnPN11h1u1Jjc5+nbpjF8HGRaiWGXWuXTpG9wobJ7oG5j2cqgEoH2mJdKZLAfyRVjPBvevsdzOuCr2DgnpF+Mrt6dNYDJ9QK4I+nJ2KFQ75QPTM7l6eNNbz3b5q85drRVGBniriMKKDCvdQrJEYeEp8kjuyHYnLW3ZDbs8iU3SGpUCkAodw4KvWj6ND/GA9bEKjLei9hN62I6JcyyFnXMe4wre/+QyW1JqxxhYYWXV1ymfz+PR0mw/igb/v40YHZ9MNPyEvGXbQaY9NFvxYpURRHDM7+qXQSLncE0YyTAgMBAAEwDQYJKoZIhvcNAQELBQADggEBAGZ3pcb2RL1R2mKsgyN/6MDUS79mHf/S8pZ7IGp11zkj6qpJYsSclhj16T3v5EU5pvSFcuAUDdFqDYAbDDnFTPr8aRWHppmK4LffQmOqV8rmbQDrNz7aNtmVyvA1ENtH4j1kRZNu4b6q4XmgRbgSyNi/f/WWFTGc5FTY5t3MwN6cRcyrpoabQImpAzHtweWqlDKOgKofxb1bMwvmG95B1AR+pxiwnK0KmMOdFU0QesFUvh76vOBfeQ3HvH9yutWxjkIPUvG3nLzGSEdvHozlqXVnHXQHH5parEia47aYu93xiSIHpWFNMqn+LYs+i4+ufddG9qYQFha8eJBbzrfpcjE=</dsig:X509Certificate></dsig:X509Data><dsig:KeyValue><dsig:RSAKeyValue><dsig:Modulus>oSsD7zjIy0AAu/f5QcKxTfppcRquX/Ds9KuVLkPhF2jDt2JzzddYdbtSY3Ofp26YxfBxkWolhl1rl06RvcKGye6BuY9nKoBKB9piXSmSwH8kVYzwb3r7Hczrgq9g4J6RfjK7enTWAyfUCuCPpydihUO+UD0zO5enjTW892+avOXa0VRgZ4q4jCigwr3UKyRGHhKfJI7sh2Jy1t2Q27PIlN0hqVApAKHcOCr1o+jQ/xgPWxCoy3ovYTetiOiXMshZ1zHuMK3v/kMltSascYWGFl1dcpn8/j0dJsP4oG/7+NGB2fTDT8hLxl20GmPTRb8WKVEURwzO/ql0Ei53BNGMkw==</dsig:Modulus><dsig:Exponent>AQAB</dsig:Exponent></dsig:RSAKeyValue></dsig:KeyValue></dsig:KeyInfo></dsig:Signature><saml:Subject><saml:NameID Format="urn:oasis:names:tc:SAML:2.0:nameid-format:transient">G-cb6034ca-ef25-41b8-8a89-5a1423f5ab65</saml:NameID><saml:SubjectConfirmation Method="urn:oasis:names:tc:SAML:2.0:cm:bearer"><saml:SubjectConfirmationData InResponseTo="_0EFDE0F90FCB73BB2E401E8EB9639E93" NotOnOrAfter="2019-11-06T22:13:18.761Z" Recipient="https://joev-saml/saml2/paosResponse"/></saml:SubjectConfirmation></saml:Subject><saml:Conditions NotBefore="2019-11-06T22:08:18.761Z" NotOnOrAfter="2019-11-06T22:09:18.761Z"><saml:AudienceRestriction><saml:Audience>https://joev-saml</saml:Audience></saml:AudienceRestriction></saml:Conditions><saml:AuthnStatement AuthnInstant="2019-11-06T22:08:20.761Z" SessionIndex="72148a14-c57c-49f2-8928-b8563e344a2d::11e5a096-f663-4e75-ae5d-81e9a5f27086"><saml:AuthnContext><saml:AuthnContextClassRef>urn:oasis:names:tc:SAML:2.0:ac:classes:unspecified</saml:AuthnContextClassRef></saml:AuthnContext></saml:AuthnStatement><saml:AttributeStatement><saml:Attribute FriendlyName="lastname" Name="lasthname" NameFormat="urn:oasis:names:tc:SAML:2.0:attrname-format:basic"><saml:AttributeValue xmlns:xs="http://www.w3.org/2001/XMLSchema" xmlns:xsi="http://www.w3.org/2001/XMLSchema-instance" xsi:type="xs:string">VLcek</saml:AttributeValue></saml:Attribute><saml:Attribute FriendlyName="firstname" Name="firstname" NameFormat="urn:oasis:names:tc:SAML:2.0:attrname-format:basic"><saml:AttributeValue xmlns:xs="http://www.w3.org/2001/XMLSchema" xmlns:xsi="http://www.w3.org/2001/XMLSchema-instance" xsi:type="xs:string">Joe</saml:AttributeValue></saml:Attribute><saml:Attribute FriendlyName="domain" Name="domain" NameFormat="urn:oasis:names:tc:SAML:2.0:attrname-format:basic"><saml:AttributeValue xmlns:xs="http://www.w3.org/2001/XMLSchema" xmlns:xsi="http://www.w3.org/2001/XMLSchema-instance" xsi:type="xs:string">jvlcek.redhat.com</saml:AttributeValue></saml:Attribute><saml:Attribute FriendlyName="username" Name="username" NameFormat="urn:oasis:names:tc:SAML:2.0:attrname-format:basic"><saml:AttributeValue xmlns:xs="http://www.w3.org/2001/XMLSchema" xmlns:xsi="http://www.w3.org/2001/XMLSchema-instance" xsi:type="xs:string">jvlcek</saml:AttributeValue></saml:Attribute><saml:Attribute FriendlyName="groups" Name="groups" NameFormat="urn:oasis:names:tc:SAML:2.0:attrname-format:basic"><saml:AttributeValue xmlns:xs="http://www.w3.org/2001/XMLSchema" xmlns:xsi="http://www.w3.org/2001/XMLSchema-instance" xsi:type="xs:string">EvmGroup-user</saml:AttributeValue></saml:Attribute><saml:Attribute FriendlyName="groups" Name="groups" NameFormat="urn:oasis:names:tc:SAML:2.0:attrname-format:basic"><saml:AttributeValue xmlns:xs="http://www.w3.org/2001/XMLSchema" xmlns:xsi="http://www.w3.org/2001/XMLSchema-instance" xsi:type="xs:string">EvmGroup-super_administrator</saml:AttributeValue></saml:Attribute><saml:Attribute FriendlyName="fullname" Name="fullname" NameFormat="urn:oasis:names:tc:SAML:2.0:attrname-format:basic"><saml:AttributeValue xmlns:xs="http://www.w3.org/2001/XMLSchema" xmlns:xsi="http://www.w3.org/2001/XMLSchema-instance" xsi:type="xs:string">keyuserfullName</saml:AttributeValue></saml:Attribute><saml:Attribute FriendlyName="email" Name="email" NameFormat="urn:oasis:names:tc:SAML:2.0:attrname-format:basic"><saml:AttributeValue xmlns:xs="http://www.w3.org/2001/XMLSchema" xmlns:xsi="http://www.w3.org/2001/XMLSchema-instance" xsi:type="xs:string">jvlcek@redhat.com</saml:AttributeValue></saml:Attribute><saml:Attribute Name="Role" NameFormat="urn:oasis:names:tc:SAML:2.0:attrname-format:basic"><saml:AttributeValue xmlns:xs="http://www.w3.org/2001/XMLSchema" xmlns:xsi="http://www.w3.org/2001/XMLSchema-instance" xsi:type="xs:string">view-profile</saml:AttributeValue></saml:Attribute><saml:Attribute Name="Role" NameFormat="urn:oasis:names:tc:SAML:2.0:attrname-format:basic"><saml:AttributeValue xmlns:xs="http://www.w3.org/2001/XMLSchema" xmlns:xsi="http://www.w3.org/2001/XMLSchema-instance" xsi:type="xs:string">manage-account</saml:AttributeValue></saml:Attribute><saml:Attribute Name="Role" NameFormat="urn:oasis:names:tc:SAML:2.0:attrname-format:basic"><saml:AttributeValue xmlns:xs="http://www.w3.org/2001/XMLSchema" xmlns:xsi="http://www.w3.org/2001/XMLSchema-instance" xsi:type="xs:string">manage-account-links</saml:AttributeValue></saml:Attribute><saml:Attribute Name="Role" NameFormat="urn:oasis:names:tc:SAML:2.0:attrname-format:basic"><saml:AttributeValue xmlns:xs="http://www.w3.org/2001/XMLSchema" xmlns:xsi="http://www.w3.org/2001/XMLSchema-instance" xsi:type="xs:string">uma_authorization</saml:AttributeValue></saml:Attribute></saml:AttributeStatement></saml:Assertion></samlp:Response></SOAP-ENV:Body></SOAP-ENV:Envelope>
SOAP message from ECP to IdP
<s:Envelope xmlns:s="http://schemas.xmlsoap.org/soap/envelope/" xmlns:paos="urn:liberty:paos:2003-08" xmlns:ecp="urn:oasis:names:tc:SAML:2.0:profiles:SSO:ecp" xmlns:saml="urn:oasis:names:tc:SAML:2.0:assertion" xmlns:samlp="urn:oasis:names:tc:SAML:2.0:protocol">
  <s:Body>
    <samlp:AuthnRequest ID="_0EFDE0F90FCB73BB2E401E8EB9639E93" Version="2.0" IssueInstant="2019-11-06T22:08:20Z" Destination="https://joev-saml/saml2/paosResponse" Consent="urn:oasis:names:tc:SAML:2.0:consent:current-implicit" ForceAuthn="false" IsPassive="false" AssertionConsumerServiceURL="https://joev-saml/saml2/paosResponse">
      <saml:Issuer>https://joev-saml</saml:Issuer>
      <Signature xmlns="http://www.w3.org/2000/09/xmldsig#">
<SignedInfo>
<CanonicalizationMethod Algorithm="http://www.w3.org/2001/10/xml-exc-c14n#"/>
<SignatureMethod Algorithm="http://www.w3.org/2001/04/xmldsig-more#rsa-sha256"/>
<Reference URI="#_0EFDE0F90FCB73BB2E401E8EB9639E93">
<Transforms>
<Transform Algorithm="http://www.w3.org/2000/09/xmldsig#enveloped-signature"/>
<Transform Algorithm="http://www.w3.org/2001/10/xml-exc-c14n#"/>
</Transforms>
<DigestMethod Algorithm="http://www.w3.org/2000/09/xmldsig#sha1"/>
<DigestValue>oktpro2EQ4jOzLHW0R+voMJMGLM=</DigestValue>
</Reference>
</SignedInfo>
<SignatureValue>HaQ1igg51/VRbklXv4XeLu/UmZX8VMN5Hr0FS+KAm6oM3YYF3IAF/SVFbkDZBxbq
wVr5TwuCnFqN2H6zhB+Dys1qnK6blbVvZU9yX2muP0zhKK4f62L1Lf43ifowaD9I
xAQriIaBYEtQhfrkKSZMiBtkg0mE9GsO7XH7/8T1H+AfopCrZ5/PAqpXHuX/J9Yf
hPL3FJW8RvHiIig4JnoXN92ocOYRU4GUVv6EhzEbp0IgxkacrVrsLtAVtoChKy1Q
N2ZD8RwSJ/Ae+okU1ediRPUydDFR4hhvVd8n+FxPbRIgNiIb/ey+YDZYkkF5TE1L
pDTohFj/7NjQngyEua0B4A==</SignatureValue>
<KeyInfo>
<X509Data>
<X509Certificate>MIICpDCCAYwCCQCv5kQx9VHeiTANBgkqhkiG9w0BAQsFADAUMRIwEAYDVQQDDAlq
b2V2LXNhbWwwHhcNMTkwOTA5MTkyMTQwWhcNMjkwOTA4MTkyMTQwWjAUMRIwEAYD
VQQDDAlqb2V2LXNhbWwwggEiMA0GCSqGSIb3DQEBAQUAA4IBDwAwggEKAoIBAQDJ
tbhIHwnEzZqniJFkWJz2PHg+qk5tdKMoc0eg/rrr2AlJp+Gu1UaCVZG/gtZOh/Yv
4RxsZwy0n2iMu/qb2Mr14JC7bJtY+P5C5a++/EQVGHdswqMsDLRYPP/dLUUOhoHv
u2tNPaetZ5+vv3f4+68dFyRL5fHDLqxTqdQw+xOUNMVLwwCo9e9SmejQwPqWKZGM
G7rySJ8Cnzy9Vt4POEw5NQrhx58twvVSm6TbLlJS8wH38tRT+eJrPm7XB1Bdk3p2
SNHk7p5TgdbpXac84xOcFfIzpwfprvqFhs/Q8xhWG8SjXVm4JRJo+v4V+dJqZByZ
v8TrrgLcE4WBXFZiiHVDAgMBAAEwDQYJKoZIhvcNAQELBQADggEBAJtg7DlBAebZ
Zhy/gvf+77trYtpWdzoH8A8bPY1x91n3j+M25JDcjXnPlt/c0sIYJ0DeagTl7Col
ABScc6hW6QqpyaEukqe5SiKJSOXZpJXostofjopQp808rqLYsCxmgdU6WmRpNAah
M/oK6RfVs12goZOl5wA3jSVkt8C2MmmzTR7AFr+G/ek+Nbh/MF8mbBJscr7smMy2
eCZw14pQreHn3kFge6ENz47APpu2sK8M2UZ3NSfX7NVJNmXaQjoP9klrQ9GN9X6m
W4NzhEddEj+wH52mB4BwLJgRTTYoHXkADauS+JHVwOK1naqCRbLLYhDjp7oWjyQW
oGoDzsIoK3A=</X509Certificate>
</X509Data>
</KeyInfo>
</Signature>
      <samlp:NameIDPolicy Format="urn:oasis:names:tc:SAML:2.0:nameid-format:transient" AllowCreate="true"/>
    </samlp:AuthnRequest>
  </s:Body>
</s:Envelope>

=== Processed response from IdP ===
IdP SOAP Response Info:
  SAML Status Code: urn:oasis:names:tc:SAML:2.0:status:Success
  SAML Status Code 2: None
  SAML Status Message: None
  SAML Status Detail: None
  idp_assertion_consumer_url: https://joev-saml/saml2/paosResponse
  idp_request_authenticated: False
  SAML Response:
    <samlp:Response xmlns:samlp="urn:oasis:names:tc:SAML:2.0:protocol" xmlns:SOAP-ENV="http://schemas.xmlsoap.org/soap/envelope/" xmlns:ecp="urn:oasis:names:tc:SAML:2.0:profiles:SSO:ecp" xmlns:saml="urn:oasis:names:tc:SAML:2.0:assertion" Destination="https://joev-saml/saml2/paosResponse" ID="ID_6c2990a3-3f01-44a5-b0d0-450de2399fe0" InResponseTo="_0EFDE0F90FCB73BB2E401E8EB9639E93" IssueInstant="2019-11-06T22:08:20.761Z" Version="2.0">
      <saml:Issuer>http://joev-keycloak:8080/auth/realms/miq</saml:Issuer>
      <dsig:Signature xmlns:dsig="http://www.w3.org/2000/09/xmldsig#">
        <dsig:SignedInfo>
          <dsig:CanonicalizationMethod Algorithm="http://www.w3.org/2001/10/xml-exc-c14n#"/>
          <dsig:SignatureMethod Algorithm="http://www.w3.org/2001/04/xmldsig-more#rsa-sha256"/>
          <dsig:Reference URI="#ID_6c2990a3-3f01-44a5-b0d0-450de2399fe0">
            <dsig:Transforms>
              <dsig:Transform Algorithm="http://www.w3.org/2000/09/xmldsig#enveloped-signature"/>
              <dsig:Transform Algorithm="http://www.w3.org/2001/10/xml-exc-c14n#"/>
            </dsig:Transforms>
            <dsig:DigestMethod Algorithm="http://www.w3.org/2001/04/xmlenc#sha256"/>
            <dsig:DigestValue>WsRWp2V5ThJp2gcNfsj7UaNP2GLAAO3jkLHFdK708kw=</dsig:DigestValue>
          </dsig:Reference>
        </dsig:SignedInfo>
        <dsig:SignatureValue>CWOQFWzplcH20+NsUeEtUdzeU/BxpSxpjwrFJUMIQNt8/tYHev8gnNyhAHCcjroqpYipNFXe/sDbn2hela98Ac0X6FW/eg1dOcDi9JTiNu9zw91/iAJ+FfjI0YBOQN2sHaemmbdbNR8jPMg274bv9u4oUGMXw0VLiKq4UYqg8d/T9h6CgL1cZGejUntsahIm0IGJCTUSiJHUwpw8wKmTa6KaFSzIKVavk0v2AENVEUSedghRB0TS2IEtSbtn2MW/sSidxvnEMThxx/U/Ba1ETZalapbOgOJThk5hZCDRsc20zvIWSPXueEpAZX9DHMcOcXjTOzNNseC5h6ALOhd8hw==</dsig:SignatureValue>
        <dsig:KeyInfo>
          <dsig:KeyName>xTUA0FKGUWjpoUEFlzniPgVnSAQ7I9iczj4Kdmob6G8</dsig:KeyName>
          <dsig:X509Data>
            <dsig:X509Certificate>MIIClTCCAX0CBgFemrhD7jANBgkqhkiG9w0BAQsFADAOMQwwCgYDVQQDDANtaXEwHhcNMTcwOTE5MTUxNzAwWhcNMjcwOTE5MTUxODQwWjAOMQwwCgYDVQQDDANtaXEwggEiMA0GCSqGSIb3DQEBAQUAA4IBDwAwggEKAoIBAQChKwPvOMjLQAC79/lBwrFN+mlxGq5f8Oz0q5UuQ+EXaMO3YnPN11h1u1Jjc5+nbpjF8HGRaiWGXWuXTpG9wobJ7oG5j2cqgEoH2mJdKZLAfyRVjPBvevsdzOuCr2DgnpF+Mrt6dNYDJ9QK4I+nJ2KFQ75QPTM7l6eNNbz3b5q85drRVGBniriMKKDCvdQrJEYeEp8kjuyHYnLW3ZDbs8iU3SGpUCkAodw4KvWj6ND/GA9bEKjLei9hN62I6JcyyFnXMe4wre/+QyW1JqxxhYYWXV1ymfz+PR0mw/igb/v40YHZ9MNPyEvGXbQaY9NFvxYpURRHDM7+qXQSLncE0YyTAgMBAAEwDQYJKoZIhvcNAQELBQADggEBAGZ3pcb2RL1R2mKsgyN/6MDUS79mHf/S8pZ7IGp11zkj6qpJYsSclhj16T3v5EU5pvSFcuAUDdFqDYAbDDnFTPr8aRWHppmK4LffQmOqV8rmbQDrNz7aNtmVyvA1ENtH4j1kRZNu4b6q4XmgRbgSyNi/f/WWFTGc5FTY5t3MwN6cRcyrpoabQImpAzHtweWqlDKOgKofxb1bMwvmG95B1AR+pxiwnK0KmMOdFU0QesFUvh76vOBfeQ3HvH9yutWxjkIPUvG3nLzGSEdvHozlqXVnHXQHH5parEia47aYu93xiSIHpWFNMqn+LYs+i4+ufddG9qYQFha8eJBbzrfpcjE=</dsig:X509Certificate>
          </dsig:X509Data>
          <dsig:KeyValue>
            <dsig:RSAKeyValue>
              <dsig:Modulus>oSsD7zjIy0AAu/f5QcKxTfppcRquX/Ds9KuVLkPhF2jDt2JzzddYdbtSY3Ofp26YxfBxkWolhl1rl06RvcKGye6BuY9nKoBKB9piXSmSwH8kVYzwb3r7Hczrgq9g4J6RfjK7enTWAyfUCuCPpydihUO+UD0zO5enjTW892+avOXa0VRgZ4q4jCigwr3UKyRGHhKfJI7sh2Jy1t2Q27PIlN0hqVApAKHcOCr1o+jQ/xgPWxCoy3ovYTetiOiXMshZ1zHuMK3v/kMltSascYWGFl1dcpn8/j0dJsP4oG/7+NGB2fTDT8hLxl20GmPTRb8WKVEURwzO/ql0Ei53BNGMkw==</dsig:Modulus>
              <dsig:Exponent>AQAB</dsig:Exponent>
            </dsig:RSAKeyValue>
          </dsig:KeyValue>
        </dsig:KeyInfo>
      </dsig:Signature>
      <samlp:Status>
        <samlp:StatusCode Value="urn:oasis:names:tc:SAML:2.0:status:Success"/>
      </samlp:Status>
      <saml:Assertion xmlns="urn:oasis:names:tc:SAML:2.0:assertion" ID="ID_fbb90dc9-aee3-42df-a489-28b85257f419" IssueInstant="2019-11-06T22:08:20.761Z" Version="2.0">
        <saml:Issuer>http://joev-keycloak:8080/auth/realms/miq</saml:Issuer>
        <dsig:Signature xmlns:dsig="http://www.w3.org/2000/09/xmldsig#">
          <dsig:SignedInfo>
            <dsig:CanonicalizationMethod Algorithm="http://www.w3.org/2001/10/xml-exc-c14n#"/>
            <dsig:SignatureMethod Algorithm="http://www.w3.org/2001/04/xmldsig-more#rsa-sha256"/>
            <dsig:Reference URI="#ID_fbb90dc9-aee3-42df-a489-28b85257f419">
              <dsig:Transforms>
                <dsig:Transform Algorithm="http://www.w3.org/2000/09/xmldsig#enveloped-signature"/>
                <dsig:Transform Algorithm="http://www.w3.org/2001/10/xml-exc-c14n#"/>
              </dsig:Transforms>
              <dsig:DigestMethod Algorithm="http://www.w3.org/2001/04/xmlenc#sha256"/>
              <dsig:DigestValue>i2mE1Zna+wj58gJ9x/0a+7IZvT7WAnJyCwWi0lPO5AA=</dsig:DigestValue>
            </dsig:Reference>
          </dsig:SignedInfo>
          <dsig:SignatureValue>MXoFtF78YQ2EBWjCdbGt1fc3f0G3JfWv0HV07IR5SvzIJdMLUNIxAKfPkRPNUL3/KS5pIVkbpVvD0eS1oChAhw97gmG/KMR36fA3ORkdHs9PJW1pnM14MooI3MRFISe+w4qFqQbMj1fr82g1GLe0xm2GfoLRvHog5JXSn6IKF/PxFZI1tdkELuNPTc49+etmYPHFOEV4tXkEwm+ohgfnmHMydw3PCUSmPCfYHDpP+ufvNoyyJArOXLCRmF+YHzEwzfMm4xv9vXe5qIMIMlYexIPYUMzvYW49NFsUNgjEa78BnSckMUdJut7S3yS9/v5N3kZb7V7DfAMmYmwZ/JLYcw==</dsig:SignatureValue>
          <dsig:KeyInfo>
            <dsig:KeyName>xTUA0FKGUWjpoUEFlzniPgVnSAQ7I9iczj4Kdmob6G8</dsig:KeyName>
            <dsig:X509Data>
              <dsig:X509Certificate>MIIClTCCAX0CBgFemrhD7jANBgkqhkiG9w0BAQsFADAOMQwwCgYDVQQDDANtaXEwHhcNMTcwOTE5MTUxNzAwWhcNMjcwOTE5MTUxODQwWjAOMQwwCgYDVQQDDANtaXEwggEiMA0GCSqGSIb3DQEBAQUAA4IBDwAwggEKAoIBAQChKwPvOMjLQAC79/lBwrFN+mlxGq5f8Oz0q5UuQ+EXaMO3YnPN11h1u1Jjc5+nbpjF8HGRaiWGXWuXTpG9wobJ7oG5j2cqgEoH2mJdKZLAfyRVjPBvevsdzOuCr2DgnpF+Mrt6dNYDJ9QK4I+nJ2KFQ75QPTM7l6eNNbz3b5q85drRVGBniriMKKDCvdQrJEYeEp8kjuyHYnLW3ZDbs8iU3SGpUCkAodw4KvWj6ND/GA9bEKjLei9hN62I6JcyyFnXMe4wre/+QyW1JqxxhYYWXV1ymfz+PR0mw/igb/v40YHZ9MNPyEvGXbQaY9NFvxYpURRHDM7+qXQSLncE0YyTAgMBAAEwDQYJKoZIhvcNAQELBQADggEBAGZ3pcb2RL1R2mKsgyN/6MDUS79mHf/S8pZ7IGp11zkj6qpJYsSclhj16T3v5EU5pvSFcuAUDdFqDYAbDDnFTPr8aRWHppmK4LffQmOqV8rmbQDrNz7aNtmVyvA1ENtH4j1kRZNu4b6q4XmgRbgSyNi/f/WWFTGc5FTY5t3MwN6cRcyrpoabQImpAzHtweWqlDKOgKofxb1bMwvmG95B1AR+pxiwnK0KmMOdFU0QesFUvh76vOBfeQ3HvH9yutWxjkIPUvG3nLzGSEdvHozlqXVnHXQHH5parEia47aYu93xiSIHpWFNMqn+LYs+i4+ufddG9qYQFha8eJBbzrfpcjE=</dsig:X509Certificate>
            </dsig:X509Data>
            <dsig:KeyValue>
              <dsig:RSAKeyValue>
                <dsig:Modulus>oSsD7zjIy0AAu/f5QcKxTfppcRquX/Ds9KuVLkPhF2jDt2JzzddYdbtSY3Ofp26YxfBxkWolhl1rl06RvcKGye6BuY9nKoBKB9piXSmSwH8kVYzwb3r7Hczrgq9g4J6RfjK7enTWAyfUCuCPpydihUO+UD0zO5enjTW892+avOXa0VRgZ4q4jCigwr3UKyRGHhKfJI7sh2Jy1t2Q27PIlN0hqVApAKHcOCr1o+jQ/xgPWxCoy3ovYTetiOiXMshZ1zHuMK3v/kMltSascYWGFl1dcpn8/j0dJsP4oG/7+NGB2fTDT8hLxl20GmPTRb8WKVEURwzO/ql0Ei53BNGMkw==</dsig:Modulus>
                <dsig:Exponent>AQAB</dsig:Exponent>
              </dsig:RSAKeyValue>
            </dsig:KeyValue>
          </dsig:KeyInfo>
        </dsig:Signature>
        <saml:Subject>
          <saml:NameID Format="urn:oasis:names:tc:SAML:2.0:nameid-format:transient">G-cb6034ca-ef25-41b8-8a89-5a1423f5ab65</saml:NameID>
          <saml:SubjectConfirmation Method="urn:oasis:names:tc:SAML:2.0:cm:bearer">
            <saml:SubjectConfirmationData InResponseTo="_0EFDE0F90FCB73BB2E401E8EB9639E93" NotOnOrAfter="2019-11-06T22:13:18.761Z" Recipient="https://joev-saml/saml2/paosResponse"/>
          </saml:SubjectConfirmation>
        </saml:Subject>
        <saml:Conditions NotBefore="2019-11-06T22:08:18.761Z" NotOnOrAfter="2019-11-06T22:09:18.761Z">
          <saml:AudienceRestriction>
            <saml:Audience>https://joev-saml</saml:Audience>
          </saml:AudienceRestriction>
        </saml:Conditions>
        <saml:AuthnStatement AuthnInstant="2019-11-06T22:08:20.761Z" SessionIndex="72148a14-c57c-49f2-8928-b8563e344a2d::11e5a096-f663-4e75-ae5d-81e9a5f27086">
          <saml:AuthnContext>
            <saml:AuthnContextClassRef>urn:oasis:names:tc:SAML:2.0:ac:classes:unspecified</saml:AuthnContextClassRef>
          </saml:AuthnContext>
        </saml:AuthnStatement>
        <saml:AttributeStatement>
          <saml:Attribute FriendlyName="lastname" Name="lasthname" NameFormat="urn:oasis:names:tc:SAML:2.0:attrname-format:basic">
            <saml:AttributeValue xmlns:xs="http://www.w3.org/2001/XMLSchema" xmlns:xsi="http://www.w3.org/2001/XMLSchema-instance" xsi:type="xs:string">VLcek</saml:AttributeValue>
          </saml:Attribute>
          <saml:Attribute FriendlyName="firstname" Name="firstname" NameFormat="urn:oasis:names:tc:SAML:2.0:attrname-format:basic">
            <saml:AttributeValue xmlns:xs="http://www.w3.org/2001/XMLSchema" xmlns:xsi="http://www.w3.org/2001/XMLSchema-instance" xsi:type="xs:string">Joe</saml:AttributeValue>
          </saml:Attribute>
          <saml:Attribute FriendlyName="domain" Name="domain" NameFormat="urn:oasis:names:tc:SAML:2.0:attrname-format:basic">
            <saml:AttributeValue xmlns:xs="http://www.w3.org/2001/XMLSchema" xmlns:xsi="http://www.w3.org/2001/XMLSchema-instance" xsi:type="xs:string">jvlcek.redhat.com</saml:AttributeValue>
          </saml:Attribute>
          <saml:Attribute FriendlyName="username" Name="username" NameFormat="urn:oasis:names:tc:SAML:2.0:attrname-format:basic">
            <saml:AttributeValue xmlns:xs="http://www.w3.org/2001/XMLSchema" xmlns:xsi="http://www.w3.org/2001/XMLSchema-instance" xsi:type="xs:string">jvlcek</saml:AttributeValue>
          </saml:Attribute>
          <saml:Attribute FriendlyName="groups" Name="groups" NameFormat="urn:oasis:names:tc:SAML:2.0:attrname-format:basic">
            <saml:AttributeValue xmlns:xs="http://www.w3.org/2001/XMLSchema" xmlns:xsi="http://www.w3.org/2001/XMLSchema-instance" xsi:type="xs:string">EvmGroup-user</saml:AttributeValue>
          </saml:Attribute>
          <saml:Attribute FriendlyName="groups" Name="groups" NameFormat="urn:oasis:names:tc:SAML:2.0:attrname-format:basic">
            <saml:AttributeValue xmlns:xs="http://www.w3.org/2001/XMLSchema" xmlns:xsi="http://www.w3.org/2001/XMLSchema-instance" xsi:type="xs:string">EvmGroup-super_administrator</saml:AttributeValue>
          </saml:Attribute>
          <saml:Attribute FriendlyName="fullname" Name="fullname" NameFormat="urn:oasis:names:tc:SAML:2.0:attrname-format:basic">
            <saml:AttributeValue xmlns:xs="http://www.w3.org/2001/XMLSchema" xmlns:xsi="http://www.w3.org/2001/XMLSchema-instance" xsi:type="xs:string">keyuserfullName</saml:AttributeValue>
          </saml:Attribute>
          <saml:Attribute FriendlyName="email" Name="email" NameFormat="urn:oasis:names:tc:SAML:2.0:attrname-format:basic">
            <saml:AttributeValue xmlns:xs="http://www.w3.org/2001/XMLSchema" xmlns:xsi="http://www.w3.org/2001/XMLSchema-instance" xsi:type="xs:string">jvlcek@redhat.com</saml:AttributeValue>
          </saml:Attribute>
          <saml:Attribute Name="Role" NameFormat="urn:oasis:names:tc:SAML:2.0:attrname-format:basic">
            <saml:AttributeValue xmlns:xs="http://www.w3.org/2001/XMLSchema" xmlns:xsi="http://www.w3.org/2001/XMLSchema-instance" xsi:type="xs:string">view-profile</saml:AttributeValue>
          </saml:Attribute>
          <saml:Attribute Name="Role" NameFormat="urn:oasis:names:tc:SAML:2.0:attrname-format:basic">
            <saml:AttributeValue xmlns:xs="http://www.w3.org/2001/XMLSchema" xmlns:xsi="http://www.w3.org/2001/XMLSchema-instance" xsi:type="xs:string">manage-account</saml:AttributeValue>
          </saml:Attribute>
          <saml:Attribute Name="Role" NameFormat="urn:oasis:names:tc:SAML:2.0:attrname-format:basic">
            <saml:AttributeValue xmlns:xs="http://www.w3.org/2001/XMLSchema" xmlns:xsi="http://www.w3.org/2001/XMLSchema-instance" xsi:type="xs:string">manage-account-links</saml:AttributeValue>
          </saml:Attribute>
          <saml:Attribute Name="Role" NameFormat="urn:oasis:names:tc:SAML:2.0:attrname-format:basic">
            <saml:AttributeValue xmlns:xs="http://www.w3.org/2001/XMLSchema" xmlns:xsi="http://www.w3.org/2001/XMLSchema-instance" xsi:type="xs:string">uma_authorization</saml:AttributeValue>
          </saml:Attribute>
        </saml:AttributeStatement>
      </saml:Assertion>
    </samlp:Response>


